declare,  -1
var,  -1
myArray,  1
:,  -1
integer,  -1
[,  -1
],  -1
var,  -1
index,  16
:,  -1
integer,  -1
var,  -1
minNumber,  2
:,  -1
integer,  -1
enddeclare,  -1
program,  -1
myArray,  1
:,  -1
=,  -1
[,  -1
400,  8
,,  -1
9,  17
,,  -1
2,  10
,,  -1
7,  15
,,  -1
9,  17
,,  -1
3,  11
,,  -1
8,  18
,,  -1
5,  13
],  -1
minNumber,  2
:,  -1
=,  -1
myArray,  1
(,  -1
0,  9
),  -1
for,  -1
(,  -1
index,  16
:,  -1
=,  -1
0,  9
,,  -1
index,  16
<,  -1
7,  15
;,  -1
index,  16
:,  -1
=,  -1
index,  16
+,  -1
1,  12
),  -1
if,  -1
(,  -1
minNumber,  2
>,  -1
myArray,  1
(,  -1
index,  16
),  -1
minNumber,  2
:,  -1
=,  -1
myArray,  1
(,  -1
index,  16
),  -1
endif,  -1
endfor,  -1
write,  -1
(,  -1
endprogram,  -1

